<?xml version="1.0" encoding="UTF-8" standalone="yes"?>
<testsuites name="New Test Suite" time="31" tests="1" failures="0" errors="1">
    <testsuite name="New Test Suite" tests="1" failures="0" errors="1" time="31" timestamp="2020-01-16 13:13:28" hostname="hemavathi - MSDES05.ad.matryxsoft.com" id="Test Suites/Zeenyx_TestSuites/New Test Suite">
        <properties>
            <property name="deviceName" value=""/>
            <property name="devicePlatform" value=""/>
            <property name="logFolder" value="D:\\Nagarjuna_Workspace\\Zeenyx_Regression\\Reports\\20200116_131326\\Zeenyx_TestSuites\\New Test Suite\\20200116_131326"/>
            <property name="logFiles" value="D:\\Nagarjuna_Workspace\\Zeenyx_Regression\\Reports\\20200116_131326\\Zeenyx_TestSuites\\New Test Suite\\20200116_131326\\execution0.log"/>
            <property name="attachments" value=""/>
            <property name="hostName" value="hemavathi - MSDES05.ad.matryxsoft.com"/>
            <property name="os" value="Windows 7 64bit"/>
            <property name="katalonVersion" value="6.3.3.11"/>
            <property name="browser" value="Firefox 72.0"/>
            <property name="hostAddress" value="10.10.20.11"/>
            <property name="sessionId" value="81cb0a3f-f55c-4571-9c03-3fbc84cb2aa1"/>
            <property name="seleniumVersion" value="3.141.59"/>
            <property name="proxyInformation" value="ProxyInformation{proxyOption=NO_PROXY, proxyServerType=HTTP, password=, proxyServerAddress=, proxyServerPort=0}"/>
            <property name="platform" value="Windows 7"/>
        </properties>
        <testcase name="Test Cases/Zeenyx/HomePage" classname="Test Cases/Zeenyx/HomePage" status="PASSED">
            <system-out>2020-01-16 13:13:29 - [TEST_CASE][PASSED] - Test Cases/Zeenyx/HomePage: Test Cases/Zeenyx/HomePage&#xD;
&#xD;
2020-01-16 13:13:29 - [TEST_STEP][PASSED] - openBrowser(""): Browser is opened with url: ''&#xD;
&#xD;
2020-01-16 13:13:29 - [MESSAGE][INFO] - Starting 'Firefox' driver&#xD;
&#xD;
2020-01-16 13:13:29 - [MESSAGE][INFO] - Action delay is set to 0 seconds&#xD;
&#xD;
2020-01-16 13:13:37 - [MESSAGE][PASSED] - Browser is opened with url: ''&#xD;
&#xD;
2020-01-16 13:13:37 - [TEST_STEP][PASSED] - navigateToUrl("http://www.zeenyx.com/"): Navigate to 'http://www.zeenyx.com/' successfully&#xD;
&#xD;
2020-01-16 13:13:46 - [MESSAGE][PASSED] - Navigate to 'http://www.zeenyx.com/' successfully&#xD;
&#xD;
2020-01-16 13:13:46 - [TEST_STEP][PASSED] - mouseOver(findTestObject("Zeenyx/ZeenyxMainPage/Lnk_CONTACT")): Object: 'Object Repository/Zeenyx/ZeenyxMainPage/Lnk_CONTACT' is hovered&#xD;
&#xD;
2020-01-16 13:13:47 - [MESSAGE][PASSED] - Object: 'Object Repository/Zeenyx/ZeenyxMainPage/Lnk_CONTACT' is hovered&#xD;
&#xD;
2020-01-16 13:13:47 - [TEST_STEP][PASSED] - delay(5): Delayed 5 second(s)&#xD;
&#xD;
2020-01-16 13:13:52 - [MESSAGE][PASSED] - Delayed 5 second(s)&#xD;
&#xD;
2020-01-16 13:13:52 - [TEST_STEP][PASSED] - click(findTestObject("Zeenyx/ZeenyxMainPage/Lnk_Info Request")): Object: 'Object Repository/Zeenyx/ZeenyxMainPage/Lnk_Info Request' is clicked on&#xD;
&#xD;
2020-01-16 13:13:54 - [MESSAGE][PASSED] - Object: 'Object Repository/Zeenyx/ZeenyxMainPage/Lnk_Info Request' is clicked on&#xD;
&#xD;
2020-01-16 13:13:54 - [TEST_STEP][PASSED] - delay(5): Delayed 5 second(s)&#xD;
&#xD;
2020-01-16 13:13:59 - [MESSAGE][PASSED] - Delayed 5 second(s)&#xD;
&#xD;
2020-01-16 13:13:59 - [TEST_STEP][PASSED] - bPresent = verifyElementPresent(findTestObject("Zeenyx/Zeenyx InformationRequest_Page/Lbl_Information Request"), 5): Object 'Object Repository/Zeenyx/Zeenyx InformationRequest_Page/Lbl_Information Request' is present&#xD;
&#xD;
2020-01-16 13:13:59 - [MESSAGE][PASSED] - Object 'Object Repository/Zeenyx/Zeenyx InformationRequest_Page/Lbl_Information Request' is present&#xD;
&#xD;
2020-01-16 13:13:59 - [TEST_STEP][PASSED] - println(bPresent): null&#xD;
&#xD;
2020-01-16 13:13:59 - [TEST_STEP][PASSED] - if (bPresent == true): null&#xD;
&#xD;
2020-01-16 13:13:59 - [TEST_STEP][PASSED] - println("Info request page is opened successfully"): null</system-out>
            <system-err></system-err>
        </testcase>
        <testcase name="Test Cases/InfoRequest/EnterDetails_ZeenyxInfoRequestPage" classname="Test Cases/InfoRequest/EnterDetails_ZeenyxInfoRequestPage" status="ERROR">
            <error type="ERROR" message="Test Cases/InfoRequest/EnterDetails_ZeenyxInfoRequestPage FAILED.&#xA;Reason:&#xA;org.codehaus.groovy.control.MultipleCompilationErrorsException: startup failed:&#xD;&#xA;file:/D:/Nagarjuna_Workspace/Zeenyx_Regression/Scripts/InfoRequest/EnterDetails_ZeenyxInfoRequestPage/Script1579157106144.groovy: 15: unable to resolve class com.kms.katalon.core.windows.keyword.WindowsBuiltinKeywords&#xA; @ line 15, column 1.&#xD;&#xA;   import com.kms.katalon.core.windows.keyword.WindowsBuiltinKeywords as Windows&#xD;&#xA;   ^&#xD;&#xA;&#xD;&#xA;1 error&#xD;&#xA;&#xD;&#xA;&#x9;at com.kms.katalon.core.main.ScriptEngine.getScript(ScriptEngine.java:199)&#xD;&#xA;&#x9;at com.kms.katalon.core.main.ScriptEngine.run(ScriptEngine.java:194)&#xD;&#xA;&#x9;at com.kms.katalon.core.main.ScriptEngine.runScriptAsRawText(ScriptEngine.java:119)&#xD;&#xA;&#x9;at com.kms.katalon.core.main.TestCaseExecutor.runScript(TestCaseExecutor.java:337)&#xD;&#xA;&#x9;at com.kms.katalon.core.main.TestCaseExecutor.doExecute(TestCaseExecutor.java:328)&#xD;&#xA;&#x9;at com.kms.katalon.core.main.TestCaseExecutor.processExecutionPhase(TestCaseExecutor.java:307)&#xD;&#xA;&#x9;at com.kms.katalon.core.main.TestCaseExecutor.accessMainPhase(TestCaseExecutor.java:299)&#xD;&#xA;&#x9;at com.kms.katalon.core.main.TestCaseExecutor.execute(TestCaseExecutor.java:233)&#xD;&#xA;&#x9;at com.kms.katalon.core.main.TestSuiteExecutor.accessTestCaseMainPhase(TestSuiteExecutor.java:169)&#xD;&#xA;&#x9;at com.kms.katalon.core.main.TestSuiteExecutor.accessTestSuiteMainPhase(TestSuiteExecutor.java:142)&#xD;&#xA;&#x9;at com.kms.katalon.core.main.TestSuiteExecutor.execute(TestSuiteExecutor.java:91)&#xD;&#xA;&#x9;at com.kms.katalon.core.main.TestCaseMain.startTestSuite(TestCaseMain.java:157)&#xD;&#xA;&#x9;at com.kms.katalon.core.main.TestCaseMain$startTestSuite$0.call(Unknown Source)&#xD;&#xA;&#x9;at TempTestSuite1579160606947.run(TempTestSuite1579160606947.groovy:35)&#xD;&#xA;"/>
            <system-out>2020-01-16 13:13:59 - [TEST_CASE][ERROR] - Test Cases/InfoRequest/EnterDetails_ZeenyxInfoRequestPage: Test Cases/InfoRequest/EnterDetails_ZeenyxInfoRequestPage FAILED.
Reason:
org.codehaus.groovy.control.MultipleCompilationErrorsException: startup failed:&#xD;
file:/D:/Nagarjuna_Workspace/Zeenyx_Regression/Scripts/InfoRequest/EnterDetails_ZeenyxInfoRequestPage/Script1579157106144.groovy: 15: unable to resolve class com.kms.katalon.core.windows.keyword.WindowsBuiltinKeywords
 @ line 15, column 1.&#xD;
   import com.kms.katalon.core.windows.keyword.WindowsBuiltinKeywords as Windows&#xD;
   ^&#xD;
&#xD;
1 error&#xD;
&#xD;
	at com.kms.katalon.core.main.ScriptEngine.getScript(ScriptEngine.java:199)&#xD;
	at com.kms.katalon.core.main.ScriptEngine.run(ScriptEngine.java:194)&#xD;
	at com.kms.katalon.core.main.ScriptEngine.runScriptAsRawText(ScriptEngine.java:119)&#xD;
	at com.kms.katalon.core.main.TestCaseExecutor.runScript(TestCaseExecutor.java:337)&#xD;
	at com.kms.katalon.core.main.TestCaseExecutor.doExecute(TestCaseExecutor.java:328)&#xD;
	at com.kms.katalon.core.main.TestCaseExecutor.processExecutionPhase(TestCaseExecutor.java:307)&#xD;
	at com.kms.katalon.core.main.TestCaseExecutor.accessMainPhase(TestCaseExecutor.java:299)&#xD;
	at com.kms.katalon.core.main.TestCaseExecutor.execute(TestCaseExecutor.java:233)&#xD;
	at com.kms.katalon.core.main.TestSuiteExecutor.accessTestCaseMainPhase(TestSuiteExecutor.java:169)&#xD;
	at com.kms.katalon.core.main.TestSuiteExecutor.accessTestSuiteMainPhase(TestSuiteExecutor.java:142)&#xD;
	at com.kms.katalon.core.main.TestSuiteExecutor.execute(TestSuiteExecutor.java:91)&#xD;
	at com.kms.katalon.core.main.TestCaseMain.startTestSuite(TestCaseMain.java:157)&#xD;
	at com.kms.katalon.core.main.TestCaseMain$startTestSuite$0.call(Unknown Source)&#xD;
	at TempTestSuite1579160606947.run(TempTestSuite1579160606947.groovy:35)</system-out>
            <system-err>2020-01-16 13:13:59 - [TEST_CASE][ERROR] - Test Cases/InfoRequest/EnterDetails_ZeenyxInfoRequestPage: Test Cases/InfoRequest/EnterDetails_ZeenyxInfoRequestPage FAILED.
Reason:
org.codehaus.groovy.control.MultipleCompilationErrorsException: startup failed:&#xD;
file:/D:/Nagarjuna_Workspace/Zeenyx_Regression/Scripts/InfoRequest/EnterDetails_ZeenyxInfoRequestPage/Script1579157106144.groovy: 15: unable to resolve class com.kms.katalon.core.windows.keyword.WindowsBuiltinKeywords
 @ line 15, column 1.&#xD;
   import com.kms.katalon.core.windows.keyword.WindowsBuiltinKeywords as Windows&#xD;
   ^&#xD;
&#xD;
1 error&#xD;
&#xD;
	at com.kms.katalon.core.main.ScriptEngine.getScript(ScriptEngine.java:199)&#xD;
	at com.kms.katalon.core.main.ScriptEngine.run(ScriptEngine.java:194)&#xD;
	at com.kms.katalon.core.main.ScriptEngine.runScriptAsRawText(ScriptEngine.java:119)&#xD;
	at com.kms.katalon.core.main.TestCaseExecutor.runScript(TestCaseExecutor.java:337)&#xD;
	at com.kms.katalon.core.main.TestCaseExecutor.doExecute(TestCaseExecutor.java:328)&#xD;
	at com.kms.katalon.core.main.TestCaseExecutor.processExecutionPhase(TestCaseExecutor.java:307)&#xD;
	at com.kms.katalon.core.main.TestCaseExecutor.accessMainPhase(TestCaseExecutor.java:299)&#xD;
	at com.kms.katalon.core.main.TestCaseExecutor.execute(TestCaseExecutor.java:233)&#xD;
	at com.kms.katalon.core.main.TestSuiteExecutor.accessTestCaseMainPhase(TestSuiteExecutor.java:169)&#xD;
	at com.kms.katalon.core.main.TestSuiteExecutor.accessTestSuiteMainPhase(TestSuiteExecutor.java:142)&#xD;
	at com.kms.katalon.core.main.TestSuiteExecutor.execute(TestSuiteExecutor.java:91)&#xD;
	at com.kms.katalon.core.main.TestCaseMain.startTestSuite(TestCaseMain.java:157)&#xD;
	at com.kms.katalon.core.main.TestCaseMain$startTestSuite$0.call(Unknown Source)&#xD;
	at TempTestSuite1579160606947.run(TempTestSuite1579160606947.groovy:35)</system-err>
        </testcase>
        <system-out>2020-01-16 13:13:28 - [TEST_SUITE][INCOMPLETE] - New Test Suite: null</system-out>
        <system-err>2020-01-16 13:13:28 - [TEST_SUITE][INCOMPLETE] - New Test Suite: null</system-err>
    </testsuite>
</testsuites>
