<?xml version="1.0" encoding="UTF-8" standalone="yes"?>
<testsuites name="New Test Suite" time="0" tests="0" failures="0" errors="2">
    <testsuite name="New Test Suite" tests="0" failures="0" errors="2" time="0" timestamp="2020-01-16 12:18:03" hostname="hemavathi - MSDES05.ad.matryxsoft.com" id="Test Suites/Zeenyx_TestSuites/New Test Suite">
        <properties>
            <property name="deviceName" value=""/>
            <property name="devicePlatform" value=""/>
            <property name="logFolder" value="D:\\Nagarjuna_Workspace\\Zeenyx_Regression\\Reports\\20200116_121802\\Zeenyx_TestSuites\\New Test Suite\\20200116_121802"/>
            <property name="logFiles" value="D:\\Nagarjuna_Workspace\\Zeenyx_Regression\\Reports\\20200116_121802\\Zeenyx_TestSuites\\New Test Suite\\20200116_121802\\execution0.log"/>
            <property name="attachments" value=""/>
            <property name="hostName" value="hemavathi - MSDES05.ad.matryxsoft.com"/>
            <property name="hostAddress" value="10.10.20.11"/>
            <property name="os" value="Windows 7 64bit"/>
            <property name="katalonVersion" value="6.3.3.11"/>
        </properties>
        <testcase name="Test Cases/Zeenyx/HomePage" classname="Test Cases/Zeenyx/HomePage" status="ERROR">
            <error type="ERROR" message="Test Cases/Zeenyx/HomePage FAILED.&#xA;Reason:&#xA;java.lang.IllegalArgumentException: Cannot find test case 'Test Cases/Common_TestCases/NavigateApplication'&#xD;&#xA;&#x9;at com.kms.katalon.core.testcase.TestCaseFactory.findTestCase(TestCaseFactory.java:72)&#xD;&#xA;&#x9;at com.kms.katalon.core.testcase.TestCaseFactory$findTestCase.callStatic(Unknown Source)&#xD;&#xA;&#x9;at HomePage.run(HomePage:16)&#xD;&#xA;&#x9;at com.kms.katalon.core.main.ScriptEngine.run(ScriptEngine.java:194)&#xD;&#xA;&#x9;at com.kms.katalon.core.main.ScriptEngine.runScriptAsRawText(ScriptEngine.java:119)&#xD;&#xA;&#x9;at com.kms.katalon.core.main.TestCaseExecutor.runScript(TestCaseExecutor.java:337)&#xD;&#xA;&#x9;at com.kms.katalon.core.main.TestCaseExecutor.doExecute(TestCaseExecutor.java:328)&#xD;&#xA;&#x9;at com.kms.katalon.core.main.TestCaseExecutor.processExecutionPhase(TestCaseExecutor.java:307)&#xD;&#xA;&#x9;at com.kms.katalon.core.main.TestCaseExecutor.accessMainPhase(TestCaseExecutor.java:299)&#xD;&#xA;&#x9;at com.kms.katalon.core.main.TestCaseExecutor.execute(TestCaseExecutor.java:233)&#xD;&#xA;&#x9;at com.kms.katalon.core.main.TestSuiteExecutor.accessTestCaseMainPhase(TestSuiteExecutor.java:169)&#xD;&#xA;&#x9;at com.kms.katalon.core.main.TestSuiteExecutor.accessTestSuiteMainPhase(TestSuiteExecutor.java:142)&#xD;&#xA;&#x9;at com.kms.katalon.core.main.TestSuiteExecutor.execute(TestSuiteExecutor.java:91)&#xD;&#xA;&#x9;at com.kms.katalon.core.main.TestCaseMain.startTestSuite(TestCaseMain.java:157)&#xD;&#xA;&#x9;at com.kms.katalon.core.main.TestCaseMain$startTestSuite$0.call(Unknown Source)&#xD;&#xA;&#x9;at TempTestSuite1579157282026.run(TempTestSuite1579157282026.groovy:35)&#xD;&#xA;"/>
            <system-out>2020-01-16 12:18:03 - [TEST_CASE][ERROR] - Test Cases/Zeenyx/HomePage: Test Cases/Zeenyx/HomePage FAILED.
Reason:
java.lang.IllegalArgumentException: Cannot find test case 'Test Cases/Common_TestCases/NavigateApplication'&#xD;
	at com.kms.katalon.core.testcase.TestCaseFactory.findTestCase(TestCaseFactory.java:72)&#xD;
	at com.kms.katalon.core.testcase.TestCaseFactory$findTestCase.callStatic(Unknown Source)&#xD;
	at HomePage.run(HomePage:16)&#xD;
	at com.kms.katalon.core.main.ScriptEngine.run(ScriptEngine.java:194)&#xD;
	at com.kms.katalon.core.main.ScriptEngine.runScriptAsRawText(ScriptEngine.java:119)&#xD;
	at com.kms.katalon.core.main.TestCaseExecutor.runScript(TestCaseExecutor.java:337)&#xD;
	at com.kms.katalon.core.main.TestCaseExecutor.doExecute(TestCaseExecutor.java:328)&#xD;
	at com.kms.katalon.core.main.TestCaseExecutor.processExecutionPhase(TestCaseExecutor.java:307)&#xD;
	at com.kms.katalon.core.main.TestCaseExecutor.accessMainPhase(TestCaseExecutor.java:299)&#xD;
	at com.kms.katalon.core.main.TestCaseExecutor.execute(TestCaseExecutor.java:233)&#xD;
	at com.kms.katalon.core.main.TestSuiteExecutor.accessTestCaseMainPhase(TestSuiteExecutor.java:169)&#xD;
	at com.kms.katalon.core.main.TestSuiteExecutor.accessTestSuiteMainPhase(TestSuiteExecutor.java:142)&#xD;
	at com.kms.katalon.core.main.TestSuiteExecutor.execute(TestSuiteExecutor.java:91)&#xD;
	at com.kms.katalon.core.main.TestCaseMain.startTestSuite(TestCaseMain.java:157)&#xD;
	at com.kms.katalon.core.main.TestCaseMain$startTestSuite$0.call(Unknown Source)&#xD;
	at TempTestSuite1579157282026.run(TempTestSuite1579157282026.groovy:35)&#xD;
&#xD;
&#xD;
2020-01-16 12:18:04 - [TEST_STEP][PASSED] - callTestCase(findTestCase("Common_TestCases/NavigateApplication"), [:], STOP_ON_FAILURE): null</system-out>
            <system-err>2020-01-16 12:18:03 - [TEST_CASE][ERROR] - Test Cases/Zeenyx/HomePage: Test Cases/Zeenyx/HomePage FAILED.
Reason:
java.lang.IllegalArgumentException: Cannot find test case 'Test Cases/Common_TestCases/NavigateApplication'&#xD;
	at com.kms.katalon.core.testcase.TestCaseFactory.findTestCase(TestCaseFactory.java:72)&#xD;
	at com.kms.katalon.core.testcase.TestCaseFactory$findTestCase.callStatic(Unknown Source)&#xD;
	at HomePage.run(HomePage:16)&#xD;
	at com.kms.katalon.core.main.ScriptEngine.run(ScriptEngine.java:194)&#xD;
	at com.kms.katalon.core.main.ScriptEngine.runScriptAsRawText(ScriptEngine.java:119)&#xD;
	at com.kms.katalon.core.main.TestCaseExecutor.runScript(TestCaseExecutor.java:337)&#xD;
	at com.kms.katalon.core.main.TestCaseExecutor.doExecute(TestCaseExecutor.java:328)&#xD;
	at com.kms.katalon.core.main.TestCaseExecutor.processExecutionPhase(TestCaseExecutor.java:307)&#xD;
	at com.kms.katalon.core.main.TestCaseExecutor.accessMainPhase(TestCaseExecutor.java:299)&#xD;
	at com.kms.katalon.core.main.TestCaseExecutor.execute(TestCaseExecutor.java:233)&#xD;
	at com.kms.katalon.core.main.TestSuiteExecutor.accessTestCaseMainPhase(TestSuiteExecutor.java:169)&#xD;
	at com.kms.katalon.core.main.TestSuiteExecutor.accessTestSuiteMainPhase(TestSuiteExecutor.java:142)&#xD;
	at com.kms.katalon.core.main.TestSuiteExecutor.execute(TestSuiteExecutor.java:91)&#xD;
	at com.kms.katalon.core.main.TestCaseMain.startTestSuite(TestCaseMain.java:157)&#xD;
	at com.kms.katalon.core.main.TestCaseMain$startTestSuite$0.call(Unknown Source)&#xD;
	at TempTestSuite1579157282026.run(TempTestSuite1579157282026.groovy:35)</system-err>
        </testcase>
        <testcase name="Test Cases/InfoRequest/EnterDetails_ZeenyxInfoRequestPage" classname="Test Cases/InfoRequest/EnterDetails_ZeenyxInfoRequestPage" status="ERROR">
            <error type="ERROR" message="Test Cases/InfoRequest/EnterDetails_ZeenyxInfoRequestPage FAILED.&#xA;Reason:&#xA;org.codehaus.groovy.control.MultipleCompilationErrorsException: startup failed:&#xD;&#xA;file:/D:/Nagarjuna_Workspace/Zeenyx_Regression/Scripts/InfoRequest/EnterDetails_ZeenyxInfoRequestPage/Script1579157106144.groovy: 15: unable to resolve class com.kms.katalon.core.windows.keyword.WindowsBuiltinKeywords&#xA; @ line 15, column 1.&#xD;&#xA;   import com.kms.katalon.core.windows.keyword.WindowsBuiltinKeywords as Windows&#xD;&#xA;   ^&#xD;&#xA;&#xD;&#xA;1 error&#xD;&#xA;&#xD;&#xA;&#x9;at com.kms.katalon.core.main.ScriptEngine.getScript(ScriptEngine.java:199)&#xD;&#xA;&#x9;at com.kms.katalon.core.main.ScriptEngine.run(ScriptEngine.java:194)&#xD;&#xA;&#x9;at com.kms.katalon.core.main.ScriptEngine.runScriptAsRawText(ScriptEngine.java:119)&#xD;&#xA;&#x9;at com.kms.katalon.core.main.TestCaseExecutor.runScript(TestCaseExecutor.java:337)&#xD;&#xA;&#x9;at com.kms.katalon.core.main.TestCaseExecutor.doExecute(TestCaseExecutor.java:328)&#xD;&#xA;&#x9;at com.kms.katalon.core.main.TestCaseExecutor.processExecutionPhase(TestCaseExecutor.java:307)&#xD;&#xA;&#x9;at com.kms.katalon.core.main.TestCaseExecutor.accessMainPhase(TestCaseExecutor.java:299)&#xD;&#xA;&#x9;at com.kms.katalon.core.main.TestCaseExecutor.execute(TestCaseExecutor.java:233)&#xD;&#xA;&#x9;at com.kms.katalon.core.main.TestSuiteExecutor.accessTestCaseMainPhase(TestSuiteExecutor.java:169)&#xD;&#xA;&#x9;at com.kms.katalon.core.main.TestSuiteExecutor.accessTestSuiteMainPhase(TestSuiteExecutor.java:142)&#xD;&#xA;&#x9;at com.kms.katalon.core.main.TestSuiteExecutor.execute(TestSuiteExecutor.java:91)&#xD;&#xA;&#x9;at com.kms.katalon.core.main.TestCaseMain.startTestSuite(TestCaseMain.java:157)&#xD;&#xA;&#x9;at com.kms.katalon.core.main.TestCaseMain$startTestSuite$0.call(Unknown Source)&#xD;&#xA;&#x9;at TempTestSuite1579157282026.run(TempTestSuite1579157282026.groovy:35)&#xD;&#xA;"/>
            <system-out>2020-01-16 12:18:04 - [TEST_CASE][ERROR] - Test Cases/InfoRequest/EnterDetails_ZeenyxInfoRequestPage: Test Cases/InfoRequest/EnterDetails_ZeenyxInfoRequestPage FAILED.
Reason:
org.codehaus.groovy.control.MultipleCompilationErrorsException: startup failed:&#xD;
file:/D:/Nagarjuna_Workspace/Zeenyx_Regression/Scripts/InfoRequest/EnterDetails_ZeenyxInfoRequestPage/Script1579157106144.groovy: 15: unable to resolve class com.kms.katalon.core.windows.keyword.WindowsBuiltinKeywords
 @ line 15, column 1.&#xD;
   import com.kms.katalon.core.windows.keyword.WindowsBuiltinKeywords as Windows&#xD;
   ^&#xD;
&#xD;
1 error&#xD;
&#xD;
	at com.kms.katalon.core.main.ScriptEngine.getScript(ScriptEngine.java:199)&#xD;
	at com.kms.katalon.core.main.ScriptEngine.run(ScriptEngine.java:194)&#xD;
	at com.kms.katalon.core.main.ScriptEngine.runScriptAsRawText(ScriptEngine.java:119)&#xD;
	at com.kms.katalon.core.main.TestCaseExecutor.runScript(TestCaseExecutor.java:337)&#xD;
	at com.kms.katalon.core.main.TestCaseExecutor.doExecute(TestCaseExecutor.java:328)&#xD;
	at com.kms.katalon.core.main.TestCaseExecutor.processExecutionPhase(TestCaseExecutor.java:307)&#xD;
	at com.kms.katalon.core.main.TestCaseExecutor.accessMainPhase(TestCaseExecutor.java:299)&#xD;
	at com.kms.katalon.core.main.TestCaseExecutor.execute(TestCaseExecutor.java:233)&#xD;
	at com.kms.katalon.core.main.TestSuiteExecutor.accessTestCaseMainPhase(TestSuiteExecutor.java:169)&#xD;
	at com.kms.katalon.core.main.TestSuiteExecutor.accessTestSuiteMainPhase(TestSuiteExecutor.java:142)&#xD;
	at com.kms.katalon.core.main.TestSuiteExecutor.execute(TestSuiteExecutor.java:91)&#xD;
	at com.kms.katalon.core.main.TestCaseMain.startTestSuite(TestCaseMain.java:157)&#xD;
	at com.kms.katalon.core.main.TestCaseMain$startTestSuite$0.call(Unknown Source)&#xD;
	at TempTestSuite1579157282026.run(TempTestSuite1579157282026.groovy:35)</system-out>
            <system-err>2020-01-16 12:18:04 - [TEST_CASE][ERROR] - Test Cases/InfoRequest/EnterDetails_ZeenyxInfoRequestPage: Test Cases/InfoRequest/EnterDetails_ZeenyxInfoRequestPage FAILED.
Reason:
org.codehaus.groovy.control.MultipleCompilationErrorsException: startup failed:&#xD;
file:/D:/Nagarjuna_Workspace/Zeenyx_Regression/Scripts/InfoRequest/EnterDetails_ZeenyxInfoRequestPage/Script1579157106144.groovy: 15: unable to resolve class com.kms.katalon.core.windows.keyword.WindowsBuiltinKeywords
 @ line 15, column 1.&#xD;
   import com.kms.katalon.core.windows.keyword.WindowsBuiltinKeywords as Windows&#xD;
   ^&#xD;
&#xD;
1 error&#xD;
&#xD;
	at com.kms.katalon.core.main.ScriptEngine.getScript(ScriptEngine.java:199)&#xD;
	at com.kms.katalon.core.main.ScriptEngine.run(ScriptEngine.java:194)&#xD;
	at com.kms.katalon.core.main.ScriptEngine.runScriptAsRawText(ScriptEngine.java:119)&#xD;
	at com.kms.katalon.core.main.TestCaseExecutor.runScript(TestCaseExecutor.java:337)&#xD;
	at com.kms.katalon.core.main.TestCaseExecutor.doExecute(TestCaseExecutor.java:328)&#xD;
	at com.kms.katalon.core.main.TestCaseExecutor.processExecutionPhase(TestCaseExecutor.java:307)&#xD;
	at com.kms.katalon.core.main.TestCaseExecutor.accessMainPhase(TestCaseExecutor.java:299)&#xD;
	at com.kms.katalon.core.main.TestCaseExecutor.execute(TestCaseExecutor.java:233)&#xD;
	at com.kms.katalon.core.main.TestSuiteExecutor.accessTestCaseMainPhase(TestSuiteExecutor.java:169)&#xD;
	at com.kms.katalon.core.main.TestSuiteExecutor.accessTestSuiteMainPhase(TestSuiteExecutor.java:142)&#xD;
	at com.kms.katalon.core.main.TestSuiteExecutor.execute(TestSuiteExecutor.java:91)&#xD;
	at com.kms.katalon.core.main.TestCaseMain.startTestSuite(TestCaseMain.java:157)&#xD;
	at com.kms.katalon.core.main.TestCaseMain$startTestSuite$0.call(Unknown Source)&#xD;
	at TempTestSuite1579157282026.run(TempTestSuite1579157282026.groovy:35)</system-err>
        </testcase>
        <system-out>2020-01-16 12:18:03 - [TEST_SUITE][INCOMPLETE] - New Test Suite: null</system-out>
        <system-err>2020-01-16 12:18:03 - [TEST_SUITE][INCOMPLETE] - New Test Suite: null</system-err>
    </testsuite>
</testsuites>
